C:\USERS\DAVID\DOCUMENTS\CS6360\HAPTICSPHERE\HAPTICSPHERE\HAPTICSPHERE\DEBUG\MAIN.OBJ
C:\USERS\DAVID\DOCUMENTS\CS6360\HAPTICSPHERE\HAPTICSPHERE\HAPTICSPHERE\DEBUG\VC100.PDB
C:\USERS\DEJOHNSO\GOOGLE DRIVE\CODE\HAPTICSPHERE\HAPTICSPHERE\DEBUG\MAIN.OBJ
C:\USERS\DAVID\DOCUMENTS\CS6360\HAPTICSPHERE\HAPTICSPHERE\DEBUG\HAPTICSPHERE.ILK
C:\USERS\DAVID\DOCUMENTS\CS6360\HAPTICSPHERE\HAPTICSPHERE\DEBUG\HAPTICSPHERE.EXE
C:\USERS\DAVID\DOCUMENTS\CS6360\HAPTICSPHERE\HAPTICSPHERE\HAPTICSPHERE\DEBUG\HAPTICSPHERE.EXE.INTERMEDIATE.MANIFEST
C:\USERS\DAVID\DOCUMENTS\CS6360\HAPTICSPHERE\HAPTICSPHERE\DEBUG\HAPTICSPHERE.PDB
C:\USERS\DAVID\DOCUMENTS\CS6360\HAPTICSPHERE\HAPTICSPHERE\HAPTICSPHERE\DEBUG\HAPTICSPHERE.EXE.EMBED.MANIFEST
C:\USERS\DAVID\DOCUMENTS\CS6360\HAPTICSPHERE\HAPTICSPHERE\HAPTICSPHERE\DEBUG\HAPTICSPHERE.EXE.EMBED.MANIFEST.RES
C:\Users\dejohnso\Google Drive\Code\HapticSphere\HapticSphere\Debug\main.obj
C:\Users\dejohnso\Google Drive\Code\HapticSphere\HapticSphere\Debug\cl.command.1.tlog
C:\Users\dejohnso\Google Drive\Code\HapticSphere\HapticSphere\Debug\CL.read.1.tlog
C:\Users\dejohnso\Google Drive\Code\HapticSphere\HapticSphere\Debug\CL.write.1.tlog
C:\Users\dejohnso\Google Drive\Code\HapticSphere\HapticSphere\Debug\link-cvtres.read.1.tlog
C:\Users\dejohnso\Google Drive\Code\HapticSphere\HapticSphere\Debug\link-cvtres.write.1.tlog
C:\Users\dejohnso\Google Drive\Code\HapticSphere\HapticSphere\Debug\link-rc.read.1.tlog
C:\Users\dejohnso\Google Drive\Code\HapticSphere\HapticSphere\Debug\link-rc.write.1.tlog
C:\Users\dejohnso\Google Drive\Code\HapticSphere\HapticSphere\Debug\link.11264-cvtres.read.1.tlog
C:\Users\dejohnso\Google Drive\Code\HapticSphere\HapticSphere\Debug\link.11264-cvtres.write.1.tlog
C:\Users\dejohnso\Google Drive\Code\HapticSphere\HapticSphere\Debug\link.11264.read.1.tlog
C:\Users\dejohnso\Google Drive\Code\HapticSphere\HapticSphere\Debug\link.11264.write.1.tlog
C:\Users\dejohnso\Google Drive\Code\HapticSphere\HapticSphere\Debug\link.12000-cvtres.read.1.tlog
C:\Users\dejohnso\Google Drive\Code\HapticSphere\HapticSphere\Debug\link.12000-cvtres.write.1.tlog
C:\Users\dejohnso\Google Drive\Code\HapticSphere\HapticSphere\Debug\link.12000.read.1.tlog
C:\Users\dejohnso\Google Drive\Code\HapticSphere\HapticSphere\Debug\link.12000.write.1.tlog
C:\Users\dejohnso\Google Drive\Code\HapticSphere\HapticSphere\Debug\link.4192-cvtres.read.1.tlog
C:\Users\dejohnso\Google Drive\Code\HapticSphere\HapticSphere\Debug\link.4192-cvtres.write.1.tlog
C:\Users\dejohnso\Google Drive\Code\HapticSphere\HapticSphere\Debug\link.4192.read.1.tlog
C:\Users\dejohnso\Google Drive\Code\HapticSphere\HapticSphere\Debug\link.4192.write.1.tlog
C:\Users\dejohnso\Google Drive\Code\HapticSphere\HapticSphere\Debug\link.4464-cvtres.read.1.tlog
C:\Users\dejohnso\Google Drive\Code\HapticSphere\HapticSphere\Debug\link.4464-cvtres.write.1.tlog
C:\Users\dejohnso\Google Drive\Code\HapticSphere\HapticSphere\Debug\link.4464.read.1.tlog
C:\Users\dejohnso\Google Drive\Code\HapticSphere\HapticSphere\Debug\link.4464.write.1.tlog
C:\Users\dejohnso\Google Drive\Code\HapticSphere\HapticSphere\Debug\link.5892-cvtres.read.1.tlog
C:\Users\dejohnso\Google Drive\Code\HapticSphere\HapticSphere\Debug\link.5892-cvtres.write.1.tlog
C:\Users\dejohnso\Google Drive\Code\HapticSphere\HapticSphere\Debug\link.5892.read.1.tlog
C:\Users\dejohnso\Google Drive\Code\HapticSphere\HapticSphere\Debug\link.5892.write.1.tlog
C:\Users\dejohnso\Google Drive\Code\HapticSphere\HapticSphere\Debug\link.6392-cvtres.read.1.tlog
C:\Users\dejohnso\Google Drive\Code\HapticSphere\HapticSphere\Debug\link.6392-cvtres.write.1.tlog
C:\Users\dejohnso\Google Drive\Code\HapticSphere\HapticSphere\Debug\link.6392.read.1.tlog
C:\Users\dejohnso\Google Drive\Code\HapticSphere\HapticSphere\Debug\link.6392.write.1.tlog
C:\Users\dejohnso\Google Drive\Code\HapticSphere\HapticSphere\Debug\link.6628-cvtres.read.1.tlog
C:\Users\dejohnso\Google Drive\Code\HapticSphere\HapticSphere\Debug\link.6628-cvtres.write.1.tlog
C:\Users\dejohnso\Google Drive\Code\HapticSphere\HapticSphere\Debug\link.6628.read.1.tlog
C:\Users\dejohnso\Google Drive\Code\HapticSphere\HapticSphere\Debug\link.6628.write.1.tlog
C:\Users\dejohnso\Google Drive\Code\HapticSphere\HapticSphere\Debug\link.7028-cvtres.read.1.tlog
C:\Users\dejohnso\Google Drive\Code\HapticSphere\HapticSphere\Debug\link.7028-cvtres.write.1.tlog
C:\Users\dejohnso\Google Drive\Code\HapticSphere\HapticSphere\Debug\link.7028.read.1.tlog
C:\Users\dejohnso\Google Drive\Code\HapticSphere\HapticSphere\Debug\link.7028.write.1.tlog
C:\Users\dejohnso\Google Drive\Code\HapticSphere\HapticSphere\Debug\link.7112-cvtres.read.1.tlog
C:\Users\dejohnso\Google Drive\Code\HapticSphere\HapticSphere\Debug\link.7112-cvtres.write.1.tlog
C:\Users\dejohnso\Google Drive\Code\HapticSphere\HapticSphere\Debug\link.7112.read.1.tlog
C:\Users\dejohnso\Google Drive\Code\HapticSphere\HapticSphere\Debug\link.7112.write.1.tlog
C:\Users\dejohnso\Google Drive\Code\HapticSphere\HapticSphere\Debug\link.8008-cvtres.read.1.tlog
C:\Users\dejohnso\Google Drive\Code\HapticSphere\HapticSphere\Debug\link.8008-cvtres.write.1.tlog
C:\Users\dejohnso\Google Drive\Code\HapticSphere\HapticSphere\Debug\link.8008.read.1.tlog
C:\Users\dejohnso\Google Drive\Code\HapticSphere\HapticSphere\Debug\link.8008.write.1.tlog
C:\Users\dejohnso\Google Drive\Code\HapticSphere\HapticSphere\Debug\link.808-cvtres.read.1.tlog
C:\Users\dejohnso\Google Drive\Code\HapticSphere\HapticSphere\Debug\link.808-cvtres.write.1.tlog
C:\Users\dejohnso\Google Drive\Code\HapticSphere\HapticSphere\Debug\link.808.read.1.tlog
C:\Users\dejohnso\Google Drive\Code\HapticSphere\HapticSphere\Debug\link.808.write.1.tlog
C:\Users\dejohnso\Google Drive\Code\HapticSphere\HapticSphere\Debug\link.8728-cvtres.read.1.tlog
C:\Users\dejohnso\Google Drive\Code\HapticSphere\HapticSphere\Debug\link.8728-cvtres.write.1.tlog
C:\Users\dejohnso\Google Drive\Code\HapticSphere\HapticSphere\Debug\link.8728.read.1.tlog
C:\Users\dejohnso\Google Drive\Code\HapticSphere\HapticSphere\Debug\link.8728.write.1.tlog
C:\Users\dejohnso\Google Drive\Code\HapticSphere\HapticSphere\Debug\link.8768-cvtres.read.1.tlog
C:\Users\dejohnso\Google Drive\Code\HapticSphere\HapticSphere\Debug\link.8768-cvtres.write.1.tlog
C:\Users\dejohnso\Google Drive\Code\HapticSphere\HapticSphere\Debug\link.8768.read.1.tlog
C:\Users\dejohnso\Google Drive\Code\HapticSphere\HapticSphere\Debug\link.8768.write.1.tlog
C:\Users\dejohnso\Google Drive\Code\HapticSphere\HapticSphere\Debug\link.968-cvtres.read.1.tlog
C:\Users\dejohnso\Google Drive\Code\HapticSphere\HapticSphere\Debug\link.968-cvtres.write.1.tlog
C:\Users\dejohnso\Google Drive\Code\HapticSphere\HapticSphere\Debug\link.968.read.1.tlog
C:\Users\dejohnso\Google Drive\Code\HapticSphere\HapticSphere\Debug\link.968.write.1.tlog
C:\Users\dejohnso\Google Drive\Code\HapticSphere\HapticSphere\Debug\link.command.1.tlog
C:\Users\dejohnso\Google Drive\Code\HapticSphere\HapticSphere\Debug\link.read.1.tlog
C:\Users\dejohnso\Google Drive\Code\HapticSphere\HapticSphere\Debug\link.write.1.tlog
C:\Users\dejohnso\Google Drive\Code\HapticSphere\HapticSphere\Debug\mt.command.1.tlog
C:\Users\dejohnso\Google Drive\Code\HapticSphere\HapticSphere\Debug\mt.read.1.tlog
C:\Users\dejohnso\Google Drive\Code\HapticSphere\HapticSphere\Debug\mt.write.1.tlog
C:\Users\dejohnso\Google Drive\Code\HapticSphere\HapticSphere\Debug\rc.command.1.tlog
C:\Users\dejohnso\Google Drive\Code\HapticSphere\HapticSphere\Debug\rc.read.1.tlog
C:\Users\dejohnso\Google Drive\Code\HapticSphere\HapticSphere\Debug\rc.write.1.tlog
C:\Users\dejohnso\Google Drive\Code\HapticSphere\HapticSphere\Debug\HapticSphere.exe.embed.manifest
C:\Users\dejohnso\Google Drive\Code\HapticSphere\HapticSphere\Debug\HapticSphere.exe.intermediate.manifest
C:\Users\dejohnso\Google Drive\Code\HapticSphere\HapticSphere\Debug\HapticSphere.exe.embed.manifest.res
C:\Users\dejohnso\Google Drive\Code\HapticSphere\HapticSphere\Debug\vc100.idb
C:\Users\dejohnso\Google Drive\Code\HapticSphere\HapticSphere\Debug\vc80.idb
C:\Users\dejohnso\Google Drive\Code\HapticSphere\HapticSphere\Debug\vc100.pdb
C:\Users\dejohnso\Google Drive\Code\HapticSphere\HapticSphere\Debug\vc80.pdb
C:\Users\dejohnso\Google Drive\Code\HapticSphere\HapticSphere\Debug\HapticSphere_manifest.rc
C:\Users\dejohnso\Google Drive\Code\HapticSphere\Debug\HapticSphere.pdb
